-------------------------------------------------------------------------------
Test set: com.test.HousesControllerTest
-------------------------------------------------------------------------------
Tests run: 1, Failures: 0, Errors: 1, Skipped: 0, Time elapsed: 0.305 s <<< FAILURE! - in com.test.HousesControllerTest
com.test.HousesControllerTest  Time elapsed: 0.303 s  <<< ERROR!
java.lang.IllegalStateException: Unable to find a @SpringBootConfiguration, you need to use @ContextConfiguration or @SpringBootTest(classes=...) with your test

